This is pdfTeX, Version 3.14159265-2.6-1.40.17 (TeX Live 2016) (preloaded format=pdflatex 2017.4.22)  5 JUL 2017 16:23
entering extended mode
 restricted \write18 enabled.
 file:line:error style messages enabled.
 %&-line parsing enabled.
**TopicExploration_GhassaneAniba.tex
(./TopicExploration_GhassaneAniba.tex
LaTeX2e <2017/01/01> patch level 3
Babel <3.9r> and hyphenation patterns for 83 language(s) loaded.
(/usr/local/texlive/2016/texmf-dist/tex/latex/base/report.cls
Document Class: report 2014/09/29 v1.4h Standard LaTeX document class
(/usr/local/texlive/2016/texmf-dist/tex/latex/base/size10.clo
File: size10.clo 2014/09/29 v1.4h Standard LaTeX file (size option)
)
\c@part=\count79
\c@chapter=\count80
\c@section=\count81
\c@subsection=\count82
\c@subsubsection=\count83
\c@paragraph=\count84
\c@subparagraph=\count85
\c@figure=\count86
\c@table=\count87
\abovecaptionskip=\skip41
\belowcaptionskip=\skip42
\bibindent=\dimen102
)
(/usr/local/texlive/2016/texmf-dist/tex/latex/amsmath/amsmath.sty
Package: amsmath 2016/11/05 v2.16a AMS math features
\@mathmargin=\skip43

For additional information on amsmath, use the `?' option.
(/usr/local/texlive/2016/texmf-dist/tex/latex/amsmath/amstext.sty
Package: amstext 2000/06/29 v2.01 AMS text

(/usr/local/texlive/2016/texmf-dist/tex/latex/amsmath/amsgen.sty
File: amsgen.sty 1999/11/30 v2.0 generic functions
\@emptytoks=\toks14
\ex@=\dimen103
))
(/usr/local/texlive/2016/texmf-dist/tex/latex/amsmath/amsbsy.sty
Package: amsbsy 1999/11/29 v1.2d Bold Symbols
\pmbraise@=\dimen104
)
(/usr/local/texlive/2016/texmf-dist/tex/latex/amsmath/amsopn.sty
Package: amsopn 2016/03/08 v2.02 operator names
)
\inf@bad=\count88
LaTeX Info: Redefining \frac on input line 213.
\uproot@=\count89
\leftroot@=\count90
LaTeX Info: Redefining \overline on input line 375.
\classnum@=\count91
\DOTSCASE@=\count92
LaTeX Info: Redefining \ldots on input line 472.
LaTeX Info: Redefining \dots on input line 475.
LaTeX Info: Redefining \cdots on input line 596.
\Mathstrutbox@=\box26
\strutbox@=\box27
\big@size=\dimen105
LaTeX Font Info:    Redeclaring font encoding OML on input line 712.
LaTeX Font Info:    Redeclaring font encoding OMS on input line 713.
\macc@depth=\count93
\c@MaxMatrixCols=\count94
\dotsspace@=\muskip10
\c@parentequation=\count95
\dspbrk@lvl=\count96
\tag@help=\toks15
\row@=\count97
\column@=\count98
\maxfields@=\count99
\andhelp@=\toks16
\eqnshift@=\dimen106
\alignsep@=\dimen107
\tagshift@=\dimen108
\tagwidth@=\dimen109
\totwidth@=\dimen110
\lineht@=\dimen111
\@envbody=\toks17
\multlinegap=\skip44
\multlinetaggap=\skip45
\mathdisplay@stack=\toks18
LaTeX Info: Redefining \[ on input line 2817.
LaTeX Info: Redefining \] on input line 2818.
)
(/usr/local/texlive/2016/texmf-dist/tex/latex/amsfonts/amssymb.sty
Package: amssymb 2013/01/14 v3.01 AMS font symbols

(/usr/local/texlive/2016/texmf-dist/tex/latex/amsfonts/amsfonts.sty
Package: amsfonts 2013/01/14 v3.01 Basic AMSFonts support
\symAMSa=\mathgroup4
\symAMSb=\mathgroup5
LaTeX Font Info:    Overwriting math alphabet `\mathfrak' in version `bold'
(Font)                  U/euf/m/n --> U/euf/b/n on input line 106.
))
(/usr/local/texlive/2016/texmf-dist/tex/latex/graphics/graphics.sty
Package: graphics 2016/10/09 v1.0u Standard LaTeX Graphics (DPC,SPQR)

(/usr/local/texlive/2016/texmf-dist/tex/latex/graphics/trig.sty
Package: trig 2016/01/03 v1.10 sin cos tan (DPC)
)
(/usr/local/texlive/2016/texmf-dist/tex/latex/graphics-cfg/graphics.cfg
File: graphics.cfg 2016/06/04 v1.11 sample graphics configuration
)
Package graphics Info: Driver file: pdftex.def on input line 99.

(/usr/local/texlive/2016/texmf-dist/tex/latex/graphics-def/pdftex.def
File: pdftex.def 2017/01/12 v0.06k Graphics/color for pdfTeX

(/usr/local/texlive/2016/texmf-dist/tex/generic/oberdiek/infwarerr.sty
Package: infwarerr 2016/05/16 v1.4 Providing info/warning/error messages (HO)
)
(/usr/local/texlive/2016/texmf-dist/tex/generic/oberdiek/ltxcmds.sty
Package: ltxcmds 2016/05/16 v1.23 LaTeX kernel commands for general use (HO)
)
\Gread@gobject=\count100
))
(/usr/local/texlive/2016/texmf-dist/tex/latex/setspace/setspace.sty
Package: setspace 2011/12/19 v6.7a set line spacing
)
(./TopicExploration_GhassaneAniba.aux)
\openout1 = `TopicExploration_GhassaneAniba.aux'.

LaTeX Font Info:    Checking defaults for OML/cmm/m/it on input line 9.
LaTeX Font Info:    ... okay on input line 9.
LaTeX Font Info:    Checking defaults for T1/cmr/m/n on input line 9.
LaTeX Font Info:    ... okay on input line 9.
LaTeX Font Info:    Checking defaults for OT1/cmr/m/n on input line 9.
LaTeX Font Info:    ... okay on input line 9.
LaTeX Font Info:    Checking defaults for OMS/cmsy/m/n on input line 9.
LaTeX Font Info:    ... okay on input line 9.
LaTeX Font Info:    Checking defaults for OMX/cmex/m/n on input line 9.
LaTeX Font Info:    ... okay on input line 9.
LaTeX Font Info:    Checking defaults for U/cmr/m/n on input line 9.
LaTeX Font Info:    ... okay on input line 9.

(/usr/local/texlive/2016/texmf-dist/tex/context/base/mkii/supp-pdf.mkii
[Loading MPS to PDF converter (version 2006.09.02).]
\scratchcounter=\count101
\scratchdimen=\dimen112
\scratchbox=\box28
\nofMPsegments=\count102
\nofMParguments=\count103
\everyMPshowfont=\toks19
\MPscratchCnt=\count104
\MPscratchDim=\dimen113
\MPnumerator=\count105
\makeMPintoPDFobject=\count106
\everyMPtoPDFconversion=\toks20
) (/usr/local/texlive/2016/texmf-dist/tex/generic/oberdiek/pdftexcmds.sty
Package: pdftexcmds 2017/03/19 v0.25 Utility functions of pdfTeX for LuaTeX (HO
)

(/usr/local/texlive/2016/texmf-dist/tex/generic/oberdiek/ifluatex.sty
Package: ifluatex 2016/05/16 v1.4 Provides the ifluatex switch (HO)
Package ifluatex Info: LuaTeX not detected.
)
(/usr/local/texlive/2016/texmf-dist/tex/generic/oberdiek/ifpdf.sty
Package: ifpdf 2017/03/15 v3.2 Provides the ifpdf switch
)
Package pdftexcmds Info: LuaTeX not detected.
Package pdftexcmds Info: \pdf@primitive is available.
Package pdftexcmds Info: \pdf@ifprimitive is available.
Package pdftexcmds Info: \pdfdraftmode found.
)
(/usr/local/texlive/2016/texmf-dist/tex/latex/oberdiek/epstopdf-base.sty
Package: epstopdf-base 2016/05/15 v2.6 Base part for package epstopdf

(/usr/local/texlive/2016/texmf-dist/tex/latex/oberdiek/grfext.sty
Package: grfext 2016/05/16 v1.2 Manage graphics extensions (HO)

(/usr/local/texlive/2016/texmf-dist/tex/generic/oberdiek/kvdefinekeys.sty
Package: kvdefinekeys 2016/05/16 v1.4 Define keys (HO)
))
(/usr/local/texlive/2016/texmf-dist/tex/latex/oberdiek/kvoptions.sty
Package: kvoptions 2016/05/16 v3.12 Key value format for package options (HO)

(/usr/local/texlive/2016/texmf-dist/tex/latex/graphics/keyval.sty
Package: keyval 2014/10/28 v1.15 key=value parser (DPC)
\KV@toks@=\toks21
)
(/usr/local/texlive/2016/texmf-dist/tex/generic/oberdiek/kvsetkeys.sty
Package: kvsetkeys 2016/05/16 v1.17 Key value parser (HO)

(/usr/local/texlive/2016/texmf-dist/tex/generic/oberdiek/etexcmds.sty
Package: etexcmds 2016/05/16 v1.6 Avoid name clashes with e-TeX commands (HO)
Package etexcmds Info: Could not find \expanded.
(etexcmds)             That can mean that you are not using pdfTeX 1.50 or
(etexcmds)             that some package has redefined \expanded.
(etexcmds)             In the latter case, load this package earlier.
)))
Package epstopdf-base Info: Redefining graphics rule for `.eps' on input line 4
38.
Package grfext Info: Graphics extension search list:
(grfext)             [.png,.pdf,.jpg,.mps,.jpeg,.jbig2,.jb2,.PNG,.PDF,.JPG,.JPE
G,.JBIG2,.JB2,.eps]
(grfext)             \AppendGraphicsExtensions on input line 456.

(/usr/local/texlive/2016/texmf-dist/tex/latex/latexconfig/epstopdf-sys.cfg
File: epstopdf-sys.cfg 2010/07/13 v1.3 Configuration of (r)epstopdf for TeX Liv
e
))
LaTeX Font Info:    Try loading font information for U+msa on input line 14.

(/usr/local/texlive/2016/texmf-dist/tex/latex/amsfonts/umsa.fd
File: umsa.fd 2013/01/14 v3.01 AMS symbols A
)
LaTeX Font Info:    Try loading font information for U+msb on input line 14.

(/usr/local/texlive/2016/texmf-dist/tex/latex/amsfonts/umsb.fd
File: umsb.fd 2013/01/14 v3.01 AMS symbols B
) [1

{/usr/local/texlive/2016/texmf-var/fonts/map/pdftex/updmap/pdftex.map}] [1]
Overfull \hbox (119.13947pt too wide) in paragraph at lines 30--32
$[][] 
 []

Package epstopdf Info: Source file: <TopicExploration_GhassaneAniba_gr1.eps>
(epstopdf)                    date: 2017-07-05 16:19:20
(epstopdf)                    size: 53231 bytes
(epstopdf)             Output file: <TopicExploration_GhassaneAniba_gr1-eps-con
verted-to.pdf>
(epstopdf)                    date: 2017-07-05 16:23:00
(epstopdf)                    size: 20787 bytes
(epstopdf)             Command: <repstopdf --outfile=TopicExploration_GhassaneA
niba_gr1-eps-converted-to.pdf TopicExploration_GhassaneAniba_gr1.eps>
(epstopdf)             \includegraphics on input line 34.
Package epstopdf Info: Output file is already uptodate.

<TopicExploration_GhassaneAniba_gr1-eps-converted-to.pdf, id=12, 383.4325pt x 1
63.61125pt>
File: TopicExploration_GhassaneAniba_gr1-eps-converted-to.pdf Graphic file (typ
e pdf)
 <use TopicExploration_GhassaneAniba_gr1-eps-converted-to.pdf>
Package pdftex.def Info: TopicExploration_GhassaneAniba_gr1-eps-converted-to.pd
f used on input line 34.
(pdftex.def)             Requested size: 383.43156pt x 163.61084pt.

Overfull \hbox (53.43156pt too wide) in paragraph at lines 34--35
[][] 
 []

[1 <./TopicExploration_GhassaneAniba_gr1-eps-converted-to.pdf>]
Package epstopdf Info: Source file: <TopicExploration_GhassaneAniba_gr2.eps>
(epstopdf)                    date: 2017-07-05 16:19:21
(epstopdf)                    size: 58465 bytes
(epstopdf)             Output file: <TopicExploration_GhassaneAniba_gr2-eps-con
verted-to.pdf>
(epstopdf)                    date: 2017-07-05 16:23:01
(epstopdf)                    size: 22756 bytes
(epstopdf)             Command: <repstopdf --outfile=TopicExploration_GhassaneA
niba_gr2-eps-converted-to.pdf TopicExploration_GhassaneAniba_gr2.eps>
(epstopdf)             \includegraphics on input line 69.
Package epstopdf Info: Output file is already uptodate.

<TopicExploration_GhassaneAniba_gr2-eps-converted-to.pdf, id=32, 383.4325pt x 1
61.60374pt>
File: TopicExploration_GhassaneAniba_gr2-eps-converted-to.pdf Graphic file (typ
e pdf)
 <use TopicExploration_GhassaneAniba_gr2-eps-converted-to.pdf>
Package pdftex.def Info: TopicExploration_GhassaneAniba_gr2-eps-converted-to.pd
f used on input line 69.
(pdftex.def)             Requested size: 383.43156pt x 161.60335pt.

Overfull \hbox (53.43156pt too wide) in paragraph at lines 69--70
[][] 
 []


Overfull \hbox (285.89632pt too wide) in paragraph at lines 76--81
[][] 
 []


Overfull \hbox (243.10454pt too wide) in paragraph at lines 76--81
[]$ 
 []

[2 <./TopicExploration_GhassaneAniba_gr2-eps-converted-to.pdf>]
Overfull \hbox (98.49306pt too wide) in paragraph at lines 114--115
$[]$ 
 []

Package epstopdf Info: Source file: <TopicExploration_GhassaneAniba_gr3.eps>
(epstopdf)                    date: 2017-07-05 16:19:22
(epstopdf)                    size: 46554 bytes
(epstopdf)             Output file: <TopicExploration_GhassaneAniba_gr3-eps-con
verted-to.pdf>
(epstopdf)                    date: 2017-07-05 16:23:01
(epstopdf)                    size: 18285 bytes
(epstopdf)             Command: <repstopdf --outfile=TopicExploration_GhassaneA
niba_gr3-eps-converted-to.pdf TopicExploration_GhassaneAniba_gr3.eps>
(epstopdf)             \includegraphics on input line 117.
Package epstopdf Info: Output file is already uptodate.

<TopicExploration_GhassaneAniba_gr3-eps-converted-to.pdf, id=50, 383.4325pt x 1
69.63374pt>
File: TopicExploration_GhassaneAniba_gr3-eps-converted-to.pdf Graphic file (typ
e pdf)
 <use TopicExploration_GhassaneAniba_gr3-eps-converted-to.pdf>
Package pdftex.def Info: TopicExploration_GhassaneAniba_gr3-eps-converted-to.pd
f used on input line 117.
(pdftex.def)             Requested size: 383.43156pt x 169.63332pt.

Overfull \hbox (53.43156pt too wide) in paragraph at lines 117--118
[][] 
 []


Overfull \hbox (287.1463pt too wide) in paragraph at lines 122--128
[][] 
 []


Overfull \hbox (220.06747pt too wide) in paragraph at lines 122--128
[][] 
 []


Overfull \hbox (295.38928pt too wide) in paragraph at lines 122--128
[]$ 
 []

[3 <./TopicExploration_GhassaneAniba_gr3-eps-converted-to.pdf>]
Overfull \hbox (199.81773pt too wide) in paragraph at lines 153--159
$[][] 
 []


Overfull \hbox (141.0142pt too wide) in paragraph at lines 153--159
[][] 
 []


Overfull \hbox (271.4707pt too wide) in paragraph at lines 170--181
[][] 
 []


Overfull \hbox (141.0142pt too wide) in paragraph at lines 170--181
[][] 
 []


Overfull \hbox (217.26212pt too wide) in paragraph at lines 170--181
[][] 
 []


Overfull \hbox (131.48642pt too wide) in paragraph at lines 170--181
[]$ 
 []

[4] [5] (./TopicExploration_GhassaneAniba.aux) ) 
Here is how much of TeX's memory you used:
 2390 strings out of 493013
 32527 string characters out of 6133343
 113765 words of memory out of 5000000
 5901 multiletter control sequences out of 15000+600000
 11849 words of font info for 46 fonts, out of 8000000 for 9000
 1141 hyphenation exceptions out of 8191
 39i,13n,26p,273b,189s stack positions out of 5000i,500n,10000p,200000b,80000s
</usr/local/texlive/2016/texmf-
dist/fonts/type1/public/amsfonts/cm/cmbx10.pfb></usr/local/texlive/2016/texmf-d
ist/fonts/type1/public/amsfonts/cm/cmbx12.pfb></usr/local/texlive/2016/texmf-di
st/fonts/type1/public/amsfonts/cm/cmex10.pfb></usr/local/texlive/2016/texmf-dis
t/fonts/type1/public/amsfonts/cm/cmmi10.pfb></usr/local/texlive/2016/texmf-dist
/fonts/type1/public/amsfonts/cm/cmmi5.pfb></usr/local/texlive/2016/texmf-dist/f
onts/type1/public/amsfonts/cm/cmmi7.pfb></usr/local/texlive/2016/texmf-dist/fon
ts/type1/public/amsfonts/cm/cmr10.pfb></usr/local/texlive/2016/texmf-dist/fonts
/type1/public/amsfonts/cm/cmr17.pfb></usr/local/texlive/2016/texmf-dist/fonts/t
ype1/public/amsfonts/cm/cmr5.pfb></usr/local/texlive/2016/texmf-dist/fonts/type
1/public/amsfonts/cm/cmr7.pfb></usr/local/texlive/2016/texmf-dist/fonts/type1/p
ublic/amsfonts/cm/cmsy10.pfb></usr/local/texlive/2016/texmf-dist/fonts/type1/pu
blic/amsfonts/cm/cmsy7.pfb></usr/local/texlive/2016/texmf-dist/fonts/type1/publ
ic/amsfonts/cm/cmti10.pfb>
Output written on TopicExploration_GhassaneAniba.pdf (7 pages, 203402 bytes).
PDF statistics:
 118 PDF objects out of 1000 (max. 8388607)
 79 compressed objects within 1 object stream
 0 named destinations out of 1000 (max. 500000)
 16 words of extra memory for PDF output out of 10000 (max. 10000000)

