This is pdfTeX, Version 3.14159265-2.6-1.40.17 (TeX Live 2016) (preloaded format=pdflatex 2017.4.22)  29 JUN 2017 01:54
entering extended mode
 restricted \write18 enabled.
 file:line:error style messages enabled.
 %&-line parsing enabled.
**GhassaneAniba_Signals_Systems_Oppenheim_Chap1.tex
(./GhassaneAniba_Signals_Systems_Oppenheim_Chap1.tex
LaTeX2e <2017/01/01> patch level 3
Babel <3.9r> and hyphenation patterns for 83 language(s) loaded.
(/usr/local/texlive/2016/texmf-dist/tex/latex/base/report.cls
Document Class: report 2014/09/29 v1.4h Standard LaTeX document class
(/usr/local/texlive/2016/texmf-dist/tex/latex/base/size10.clo
File: size10.clo 2014/09/29 v1.4h Standard LaTeX file (size option)
)
\c@part=\count79
\c@chapter=\count80
\c@section=\count81
\c@subsection=\count82
\c@subsubsection=\count83
\c@paragraph=\count84
\c@subparagraph=\count85
\c@figure=\count86
\c@table=\count87
\abovecaptionskip=\skip41
\belowcaptionskip=\skip42
\bibindent=\dimen102
)
(/usr/local/texlive/2016/texmf-dist/tex/latex/amsmath/amsmath.sty
Package: amsmath 2016/11/05 v2.16a AMS math features
\@mathmargin=\skip43

For additional information on amsmath, use the `?' option.
(/usr/local/texlive/2016/texmf-dist/tex/latex/amsmath/amstext.sty
Package: amstext 2000/06/29 v2.01 AMS text

(/usr/local/texlive/2016/texmf-dist/tex/latex/amsmath/amsgen.sty
File: amsgen.sty 1999/11/30 v2.0 generic functions
\@emptytoks=\toks14
\ex@=\dimen103
))
(/usr/local/texlive/2016/texmf-dist/tex/latex/amsmath/amsbsy.sty
Package: amsbsy 1999/11/29 v1.2d Bold Symbols
\pmbraise@=\dimen104
)
(/usr/local/texlive/2016/texmf-dist/tex/latex/amsmath/amsopn.sty
Package: amsopn 2016/03/08 v2.02 operator names
)
\inf@bad=\count88
LaTeX Info: Redefining \frac on input line 213.
\uproot@=\count89
\leftroot@=\count90
LaTeX Info: Redefining \overline on input line 375.
\classnum@=\count91
\DOTSCASE@=\count92
LaTeX Info: Redefining \ldots on input line 472.
LaTeX Info: Redefining \dots on input line 475.
LaTeX Info: Redefining \cdots on input line 596.
\Mathstrutbox@=\box26
\strutbox@=\box27
\big@size=\dimen105
LaTeX Font Info:    Redeclaring font encoding OML on input line 712.
LaTeX Font Info:    Redeclaring font encoding OMS on input line 713.
\macc@depth=\count93
\c@MaxMatrixCols=\count94
\dotsspace@=\muskip10
\c@parentequation=\count95
\dspbrk@lvl=\count96
\tag@help=\toks15
\row@=\count97
\column@=\count98
\maxfields@=\count99
\andhelp@=\toks16
\eqnshift@=\dimen106
\alignsep@=\dimen107
\tagshift@=\dimen108
\tagwidth@=\dimen109
\totwidth@=\dimen110
\lineht@=\dimen111
\@envbody=\toks17
\multlinegap=\skip44
\multlinetaggap=\skip45
\mathdisplay@stack=\toks18
LaTeX Info: Redefining \[ on input line 2817.
LaTeX Info: Redefining \] on input line 2818.
)
(/usr/local/texlive/2016/texmf-dist/tex/latex/amsfonts/amssymb.sty
Package: amssymb 2013/01/14 v3.01 AMS font symbols

(/usr/local/texlive/2016/texmf-dist/tex/latex/amsfonts/amsfonts.sty
Package: amsfonts 2013/01/14 v3.01 Basic AMSFonts support
\symAMSa=\mathgroup4
\symAMSb=\mathgroup5
LaTeX Font Info:    Overwriting math alphabet `\mathfrak' in version `bold'
(Font)                  U/euf/m/n --> U/euf/b/n on input line 106.
))
(/usr/local/texlive/2016/texmf-dist/tex/latex/graphics/graphics.sty
Package: graphics 2016/10/09 v1.0u Standard LaTeX Graphics (DPC,SPQR)

(/usr/local/texlive/2016/texmf-dist/tex/latex/graphics/trig.sty
Package: trig 2016/01/03 v1.10 sin cos tan (DPC)
)
(/usr/local/texlive/2016/texmf-dist/tex/latex/graphics-cfg/graphics.cfg
File: graphics.cfg 2016/06/04 v1.11 sample graphics configuration
)
Package graphics Info: Driver file: pdftex.def on input line 99.

(/usr/local/texlive/2016/texmf-dist/tex/latex/graphics-def/pdftex.def
File: pdftex.def 2017/01/12 v0.06k Graphics/color for pdfTeX

(/usr/local/texlive/2016/texmf-dist/tex/generic/oberdiek/infwarerr.sty
Package: infwarerr 2016/05/16 v1.4 Providing info/warning/error messages (HO)
)
(/usr/local/texlive/2016/texmf-dist/tex/generic/oberdiek/ltxcmds.sty
Package: ltxcmds 2016/05/16 v1.23 LaTeX kernel commands for general use (HO)
)
\Gread@gobject=\count100
))
(/usr/local/texlive/2016/texmf-dist/tex/latex/setspace/setspace.sty
Package: setspace 2011/12/19 v6.7a set line spacing
)
\c@mathematicasection=\count101
\c@mathematicasubsection=\count102
\c@mathematicaexercise=\count103
\c@mathematicadisplayformulanumbered=\count104

(./GhassaneAniba_Signals_Systems_Oppenheim_Chap1.aux)
\openout1 = `GhassaneAniba_Signals_Systems_Oppenheim_Chap1.aux'.

LaTeX Font Info:    Checking defaults for OML/cmm/m/it on input line 13.
LaTeX Font Info:    ... okay on input line 13.
LaTeX Font Info:    Checking defaults for T1/cmr/m/n on input line 13.
LaTeX Font Info:    ... okay on input line 13.
LaTeX Font Info:    Checking defaults for OT1/cmr/m/n on input line 13.
LaTeX Font Info:    ... okay on input line 13.
LaTeX Font Info:    Checking defaults for OMS/cmsy/m/n on input line 13.
LaTeX Font Info:    ... okay on input line 13.
LaTeX Font Info:    Checking defaults for OMX/cmex/m/n on input line 13.
LaTeX Font Info:    ... okay on input line 13.
LaTeX Font Info:    Checking defaults for U/cmr/m/n on input line 13.
LaTeX Font Info:    ... okay on input line 13.

(/usr/local/texlive/2016/texmf-dist/tex/context/base/mkii/supp-pdf.mkii
[Loading MPS to PDF converter (version 2006.09.02).]
\scratchcounter=\count105
\scratchdimen=\dimen112
\scratchbox=\box28
\nofMPsegments=\count106
\nofMParguments=\count107
\everyMPshowfont=\toks19
\MPscratchCnt=\count108
\MPscratchDim=\dimen113
\MPnumerator=\count109
\makeMPintoPDFobject=\count110
\everyMPtoPDFconversion=\toks20
) (/usr/local/texlive/2016/texmf-dist/tex/generic/oberdiek/pdftexcmds.sty
Package: pdftexcmds 2017/03/19 v0.25 Utility functions of pdfTeX for LuaTeX (HO
)

(/usr/local/texlive/2016/texmf-dist/tex/generic/oberdiek/ifluatex.sty
Package: ifluatex 2016/05/16 v1.4 Provides the ifluatex switch (HO)
Package ifluatex Info: LuaTeX not detected.
)
(/usr/local/texlive/2016/texmf-dist/tex/generic/oberdiek/ifpdf.sty
Package: ifpdf 2017/03/15 v3.2 Provides the ifpdf switch
)
Package pdftexcmds Info: LuaTeX not detected.
Package pdftexcmds Info: \pdf@primitive is available.
Package pdftexcmds Info: \pdf@ifprimitive is available.
Package pdftexcmds Info: \pdfdraftmode found.
)
(/usr/local/texlive/2016/texmf-dist/tex/latex/oberdiek/epstopdf-base.sty
Package: epstopdf-base 2016/05/15 v2.6 Base part for package epstopdf

(/usr/local/texlive/2016/texmf-dist/tex/latex/oberdiek/grfext.sty
Package: grfext 2016/05/16 v1.2 Manage graphics extensions (HO)

(/usr/local/texlive/2016/texmf-dist/tex/generic/oberdiek/kvdefinekeys.sty
Package: kvdefinekeys 2016/05/16 v1.4 Define keys (HO)
))
(/usr/local/texlive/2016/texmf-dist/tex/latex/oberdiek/kvoptions.sty
Package: kvoptions 2016/05/16 v3.12 Key value format for package options (HO)

(/usr/local/texlive/2016/texmf-dist/tex/latex/graphics/keyval.sty
Package: keyval 2014/10/28 v1.15 key=value parser (DPC)
\KV@toks@=\toks21
)
(/usr/local/texlive/2016/texmf-dist/tex/generic/oberdiek/kvsetkeys.sty
Package: kvsetkeys 2016/05/16 v1.17 Key value parser (HO)

(/usr/local/texlive/2016/texmf-dist/tex/generic/oberdiek/etexcmds.sty
Package: etexcmds 2016/05/16 v1.6 Avoid name clashes with e-TeX commands (HO)
Package etexcmds Info: Could not find \expanded.
(etexcmds)             That can mean that you are not using pdfTeX 1.50 or
(etexcmds)             that some package has redefined \expanded.
(etexcmds)             In the latter case, load this package earlier.
)))
Package epstopdf-base Info: Redefining graphics rule for `.eps' on input line 4
38.
Package grfext Info: Graphics extension search list:
(grfext)             [.png,.pdf,.jpg,.mps,.jpeg,.jbig2,.jb2,.PNG,.PDF,.JPG,.JPE
G,.JBIG2,.JB2,.eps]
(grfext)             \AppendGraphicsExtensions on input line 456.

(/usr/local/texlive/2016/texmf-dist/tex/latex/latexconfig/epstopdf-sys.cfg
File: epstopdf-sys.cfg 2010/07/13 v1.3 Configuration of (r)epstopdf for TeX Liv
e
))
Chapter 1.
LaTeX Font Info:    Try loading font information for U+msa on input line 32.
(/usr/local/texlive/2016/texmf-dist/tex/latex/amsfonts/umsa.fd
File: umsa.fd 2013/01/14 v3.01 AMS symbols A
)
LaTeX Font Info:    Try loading font information for U+msb on input line 32.

(/usr/local/texlive/2016/texmf-dist/tex/latex/amsfonts/umsb.fd
File: umsb.fd 2013/01/14 v3.01 AMS symbols B
) [1


{/usr/local/texlive/2016/texmf-var/fonts/map/pdftex/updmap/pdftex.map}]
Package epstopdf Info: Source file: <GhassaneAniba_Signals_Systems_Oppenheim_Ch
ap1_gr1.eps>
(epstopdf)                    date: 2017-06-29 01:51:52
(epstopdf)                    size: 8469 bytes
(epstopdf)             Output file: <GhassaneAniba_Signals_Systems_Oppenheim_Ch
ap1_gr1-eps-converted-to.pdf>
(epstopdf)                    date: 2017-06-29 01:53:25
(epstopdf)                    size: 9809 bytes
(epstopdf)             Command: <repstopdf --outfile=GhassaneAniba_Signals_Syst
ems_Oppenheim_Chap1_gr1-eps-converted-to.pdf GhassaneAniba_Signals_Systems_Oppe
nheim_Chap1_gr1.eps>
(epstopdf)             \includegraphics on input line 74.
Package epstopdf Info: Output file is already uptodate.

<GhassaneAniba_Signals_Systems_Oppenheim_Chap1_gr1-eps-converted-to.pdf, id=10,
 145.54375pt x 91.34125pt>
File: GhassaneAniba_Signals_Systems_Oppenheim_Chap1_gr1-eps-converted-to.pdf Gr
aphic file (type pdf)

<use GhassaneAniba_Signals_Systems_Oppenheim_Chap1_gr1-eps-converted-to.pdf>
Package pdftex.def Info: GhassaneAniba_Signals_Systems_Oppenheim_Chap1_gr1-eps-
converted-to.pdf used on input line 74.
(pdftex.def)             Requested size: 145.54338pt x 91.34102pt.
Package epstopdf Info: Source file: <GhassaneAniba_Signals_Systems_Oppenheim_Ch
ap1_gr2.eps>
(epstopdf)                    date: 2017-06-29 01:51:53
(epstopdf)                    size: 199199 bytes
(epstopdf)             Output file: <GhassaneAniba_Signals_Systems_Oppenheim_Ch
ap1_gr2-eps-converted-to.pdf>
(epstopdf)                    date: 2017-06-29 01:53:26
(epstopdf)                    size: 30620 bytes
(epstopdf)             Command: <repstopdf --outfile=GhassaneAniba_Signals_Syst
ems_Oppenheim_Chap1_gr2-eps-converted-to.pdf GhassaneAniba_Signals_Systems_Oppe
nheim_Chap1_gr2.eps>
(epstopdf)             \includegraphics on input line 80.
Package epstopdf Info: Output file is already uptodate.

<GhassaneAniba_Signals_Systems_Oppenheim_Chap1_gr2-eps-converted-to.pdf, id=11,
 155.58125pt x 154.5775pt>
File: GhassaneAniba_Signals_Systems_Oppenheim_Chap1_gr2-eps-converted-to.pdf Gr
aphic file (type pdf)

<use GhassaneAniba_Signals_Systems_Oppenheim_Chap1_gr2-eps-converted-to.pdf>
Package pdftex.def Info: GhassaneAniba_Signals_Systems_Oppenheim_Chap1_gr2-eps-
converted-to.pdf used on input line 80.
(pdftex.def)             Requested size: 155.58086pt x 154.5771pt.

[2 <./GhassaneAniba_Signals_Systems_Oppenheim_Chap1_gr1-eps-converted-to.pdf>]
Overfull \hbox (109.16739pt too wide) in paragraph at lines 92--94
$[][] 
 []

Package epstopdf Info: Source file: <GhassaneAniba_Signals_Systems_Oppenheim_Ch
ap1_gr3.eps>
(epstopdf)                    date: 2017-06-29 01:51:53
(epstopdf)                    size: 39430 bytes
(epstopdf)             Output file: <GhassaneAniba_Signals_Systems_Oppenheim_Ch
ap1_gr3-eps-converted-to.pdf>
(epstopdf)                    date: 2017-06-29 01:53:26
(epstopdf)                    size: 16321 bytes
(epstopdf)             Command: <repstopdf --outfile=GhassaneAniba_Signals_Syst
ems_Oppenheim_Chap1_gr3-eps-converted-to.pdf GhassaneAniba_Signals_Systems_Oppe
nheim_Chap1_gr3.eps>
(epstopdf)             \includegraphics on input line 96.
Package epstopdf Info: Output file is already uptodate.

<GhassaneAniba_Signals_Systems_Oppenheim_Chap1_gr3-eps-converted-to.pdf, id=19,
 218.8175pt x 137.51375pt>
File: GhassaneAniba_Signals_Systems_Oppenheim_Chap1_gr3-eps-converted-to.pdf Gr
aphic file (type pdf)

<use GhassaneAniba_Signals_Systems_Oppenheim_Chap1_gr3-eps-converted-to.pdf>
Package pdftex.def Info: GhassaneAniba_Signals_Systems_Oppenheim_Chap1_gr3-eps-
converted-to.pdf used on input line 96.
(pdftex.def)             Requested size: 218.81696pt x 137.51341pt.

[3 <./GhassaneAniba_Signals_Systems_Oppenheim_Chap1_gr2-eps-converted-to.pdf> <
./GhassaneAniba_Signals_Systems_Oppenheim_Chap1_gr3-eps-converted-to.pdf>]
Package epstopdf Info: Source file: <GhassaneAniba_Signals_Systems_Oppenheim_Ch
ap1_gr4.eps>
(epstopdf)                    date: 2017-06-29 01:51:53
(epstopdf)                    size: 46736 bytes
(epstopdf)             Output file: <GhassaneAniba_Signals_Systems_Oppenheim_Ch
ap1_gr4-eps-converted-to.pdf>
(epstopdf)                    date: 2017-06-29 01:53:27
(epstopdf)                    size: 17458 bytes
(epstopdf)             Command: <repstopdf --outfile=GhassaneAniba_Signals_Syst
ems_Oppenheim_Chap1_gr4-eps-converted-to.pdf GhassaneAniba_Signals_Systems_Oppe
nheim_Chap1_gr4.eps>
(epstopdf)             \includegraphics on input line 106.
Package epstopdf Info: Output file is already uptodate.

<GhassaneAniba_Signals_Systems_Oppenheim_Chap1_gr4-eps-converted-to.pdf, id=32,
 221.82875pt x 137.51375pt>
File: GhassaneAniba_Signals_Systems_Oppenheim_Chap1_gr4-eps-converted-to.pdf Gr
aphic file (type pdf)

<use GhassaneAniba_Signals_Systems_Oppenheim_Chap1_gr4-eps-converted-to.pdf>
Package pdftex.def Info: GhassaneAniba_Signals_Systems_Oppenheim_Chap1_gr4-eps-
converted-to.pdf used on input line 106.
(pdftex.def)             Requested size: 221.82819pt x 137.51341pt.
Package epstopdf Info: Source file: <GhassaneAniba_Signals_Systems_Oppenheim_Ch
ap1_gr5.eps>
(epstopdf)                    date: 2017-06-29 01:51:54
(epstopdf)                    size: 38324 bytes
(epstopdf)             Output file: <GhassaneAniba_Signals_Systems_Oppenheim_Ch
ap1_gr5-eps-converted-to.pdf>
(epstopdf)                    date: 2017-06-29 01:53:27
(epstopdf)                    size: 15571 bytes
(epstopdf)             Command: <repstopdf --outfile=GhassaneAniba_Signals_Syst
ems_Oppenheim_Chap1_gr5-eps-converted-to.pdf GhassaneAniba_Signals_Systems_Oppe
nheim_Chap1_gr5.eps>
(epstopdf)             \includegraphics on input line 120.
Package epstopdf Info: Output file is already uptodate.

<GhassaneAniba_Signals_Systems_Oppenheim_Chap1_gr5-eps-converted-to.pdf, id=33,
 145.54375pt x 98.3675pt>
File: GhassaneAniba_Signals_Systems_Oppenheim_Chap1_gr5-eps-converted-to.pdf Gr
aphic file (type pdf)

<use GhassaneAniba_Signals_Systems_Oppenheim_Chap1_gr5-eps-converted-to.pdf>
Package pdftex.def Info: GhassaneAniba_Signals_Systems_Oppenheim_Chap1_gr5-eps-
converted-to.pdf used on input line 120.
(pdftex.def)             Requested size: 145.54338pt x 98.36723pt.
Package epstopdf Info: Source file: <GhassaneAniba_Signals_Systems_Oppenheim_Ch
ap1_gr6.eps>
(epstopdf)                    date: 2017-06-29 01:51:54
(epstopdf)                    size: 43155 bytes
(epstopdf)             Output file: <GhassaneAniba_Signals_Systems_Oppenheim_Ch
ap1_gr6-eps-converted-to.pdf>
(epstopdf)                    date: 2017-06-29 01:53:28
(epstopdf)                    size: 16756 bytes
(epstopdf)             Command: <repstopdf --outfile=GhassaneAniba_Signals_Syst
ems_Oppenheim_Chap1_gr6-eps-converted-to.pdf GhassaneAniba_Signals_Systems_Oppe
nheim_Chap1_gr6.eps>
(epstopdf)             \includegraphics on input line 126.
Package epstopdf Info: Output file is already uptodate.

<GhassaneAniba_Signals_Systems_Oppenheim_Chap1_gr6-eps-converted-to.pdf, id=34,
 145.54375pt x 89.33376pt>
File: GhassaneAniba_Signals_Systems_Oppenheim_Chap1_gr6-eps-converted-to.pdf Gr
aphic file (type pdf)

<use GhassaneAniba_Signals_Systems_Oppenheim_Chap1_gr6-eps-converted-to.pdf>
Package pdftex.def Info: GhassaneAniba_Signals_Systems_Oppenheim_Chap1_gr6-eps-
converted-to.pdf used on input line 126.
(pdftex.def)             Requested size: 145.54338pt x 89.33353pt.

[4 <./GhassaneAniba_Signals_Systems_Oppenheim_Chap1_gr4-eps-converted-to.pdf> <
./GhassaneAniba_Signals_Systems_Oppenheim_Chap1_gr5-eps-converted-to.pdf>]
Overfull \hbox (12.91727pt too wide) in paragraph at lines 147--151
[]\OT1/cmr/m/n/10 Throughout most of this book we will treat discrete-time sig-
nals and continuous-
 []

[5 <./GhassaneAniba_Signals_Systems_Oppenheim_Chap1_gr6-eps-converted-to.pdf>]
[6]
Overfull \hbox (14.4278pt too wide) in paragraph at lines 244--244
[]\OT1/cmr/bx/n/14.4 TRANSFORMATIONS OF THE IN-DE-PEN-DENT
 []

[7] [8]
Overfull \hbox (49.49786pt too wide) in paragraph at lines 279--285
[][] 
 []


Overfull \hbox (24.66344pt too wide) in paragraph at lines 279--285
[][] 
 []


Overfull \hbox (87.40663pt too wide) in paragraph at lines 279--285
[]$ 
 []


Overfull \hbox (119.07674pt too wide) in paragraph at lines 292--298
[][] 
 []


Overfull \hbox (93.42038pt too wide) in paragraph at lines 292--298
[][] 
 []

[9]
Overfull \hbox (106.17006pt too wide) in paragraph at lines 320--324
[]$ 
 []

Package epstopdf Info: Source file: <GhassaneAniba_Signals_Systems_Oppenheim_Ch
ap1_gr7.eps>
(epstopdf)                    date: 2017-06-29 01:51:55
(epstopdf)                    size: 75497 bytes
(epstopdf)             Output file: <GhassaneAniba_Signals_Systems_Oppenheim_Ch
ap1_gr7-eps-converted-to.pdf>
(epstopdf)                    date: 2017-06-29 01:54:10
(epstopdf)                    size: 29529 bytes
(epstopdf)             Command: <repstopdf --outfile=GhassaneAniba_Signals_Syst
ems_Oppenheim_Chap1_gr7-eps-converted-to.pdf GhassaneAniba_Signals_Systems_Oppe
nheim_Chap1_gr7.eps>
(epstopdf)             \includegraphics on input line 326.
Package epstopdf Info: Output file is already uptodate.

<GhassaneAniba_Signals_Systems_Oppenheim_Chap1_gr7-eps-converted-to.pdf, id=85,
 145.54375pt x 87.32625pt>
File: GhassaneAniba_Signals_Systems_Oppenheim_Chap1_gr7-eps-converted-to.pdf Gr
aphic file (type pdf)

<use GhassaneAniba_Signals_Systems_Oppenheim_Chap1_gr7-eps-converted-to.pdf>
Package pdftex.def Info: GhassaneAniba_Signals_Systems_Oppenheim_Chap1_gr7-eps-
converted-to.pdf used on input line 326.
(pdftex.def)             Requested size: 145.54338pt x 87.32603pt.

[10 <./GhassaneAniba_Signals_Systems_Oppenheim_Chap1_gr7-eps-converted-to.pdf>]
[11]
Overfull \hbox (22.40646pt too wide) in paragraph at lines 416--423
[][] 
 []


Overfull \hbox (30.00043pt too wide) in paragraph at lines 416--423
[][] 
 []


Overfull \hbox (104.20862pt too wide) in paragraph at lines 416--423
[][] 
 []

[12]
Overfull \hbox (51.03586pt too wide) in paragraph at lines 479--491
$[][] 
 []


Overfull \hbox (69.71512pt too wide) in paragraph at lines 479--491
[][] 
 []


Overfull \hbox (27.71051pt too wide) in paragraph at lines 479--491
[][] 
 []


Overfull \hbox (55.34938pt too wide) in paragraph at lines 479--491
[][] 
 []


Overfull \hbox (120.16356pt too wide) in paragraph at lines 479--491
[][] 
 []


Overfull \hbox (8.028pt too wide) in paragraph at lines 479--491
[]$ 
 []


Overfull \hbox (69.68286pt too wide) in paragraph at lines 498--503
$[][] 
 []


Overfull \hbox (36.82788pt too wide) in paragraph at lines 498--503
[][] 
 []


Overfull \hbox (134.69823pt too wide) in paragraph at lines 498--503
[][] 
 []

[13] [14] [15] [16] [17]
Overfull \hbox (11.60596pt too wide) in paragraph at lines 757--761
\OT1/cmr/m/n/10 the sig-nals de-picted in Fig-ure 1.25. First, con-sider the se
-quence x[n] = cos(2$\OML/cmm/m/it/10 ^^Y$\OT1/cmr/m/n/10 n/12),
 []

[18]
Overfull \hbox (5.27843pt too wide) in paragraph at lines 794--797
\OT1/cmr/m/n/10 and sys-tem anal-y-sis to con-sider sets of har-mon-i-cally re-
lated pe-ri-odic exponentials-
 []

[19]
Overfull \hbox (1.95584pt too wide) in paragraph at lines 812--812
[]\OT1/cmr/bx/n/14.4 THE UNIT IM-PULSE AND UNIT STEP FUNC-
 []

[20] [21] [22] [23] [24]
Overfull \hbox (7.7783pt too wide) in paragraph at lines 1039--1041
\OT1/cmr/m/n/10 In this sec-tion we in-tro-duce and dis-cuss a num-ber of ba-si
c prop-er-ties of continuous-
 []

[25] [26] [27] [28]
Overfull \hbox (0.76907pt too wide) in paragraph at lines 1227--1232
[]\OT1/cmr/m/n/10 As an-other ex-am-ple, con-sider the discrete-time sys-tem de
-fined by eq. (1.104),
 []

[29] [30] [31] [32]
Overfull \hbox (13.0283pt too wide) in paragraph at lines 1487--1493
\OT1/cmr/m/n/10 In this chap-ter, we have de-vel-oped a num-ber of ba-sic con-c
epts re-lated to continuous-
 []

[33] [34] (./GhassaneAniba_Signals_Systems_Oppenheim_Chap1.aux) ) 
Here is how much of TeX's memory you used:
 2412 strings out of 493013
 34557 string characters out of 6133343
 120884 words of memory out of 5000000
 5925 multiletter control sequences out of 15000+600000
 9010 words of font info for 35 fonts, out of 8000000 for 9000
 1141 hyphenation exceptions out of 8191
 39i,16n,26p,300b,156s stack positions out of 5000i,500n,10000p,200000b,80000s
</usr/local/te
xlive/2016/texmf-dist/fonts/type1/public/amsfonts/cm/cmbx12.pfb></usr/local/tex
live/2016/texmf-dist/fonts/type1/public/amsfonts/cm/cmex10.pfb></usr/local/texl
ive/2016/texmf-dist/fonts/type1/public/amsfonts/cm/cmmi10.pfb></usr/local/texli
ve/2016/texmf-dist/fonts/type1/public/amsfonts/cm/cmmi7.pfb></usr/local/texlive
/2016/texmf-dist/fonts/type1/public/amsfonts/cm/cmr10.pfb></usr/local/texlive/2
016/texmf-dist/fonts/type1/public/amsfonts/cm/cmr5.pfb></usr/local/texlive/2016
/texmf-dist/fonts/type1/public/amsfonts/cm/cmr7.pfb></usr/local/texlive/2016/te
xmf-dist/fonts/type1/public/amsfonts/cm/cmsy10.pfb></usr/local/texlive/2016/tex
mf-dist/fonts/type1/public/amsfonts/cm/cmsy7.pfb></usr/local/texlive/2016/texmf
-dist/fonts/type1/public/amsfonts/cm/cmti10.pfb></usr/local/texlive/2016/texmf-
dist/fonts/type1/public/amsfonts/cm/cmtt10.pfb>
Output written on GhassaneAniba_Signals_Systems_Oppenheim_Chap1.pdf (34 pages, 
334976 bytes).
PDF statistics:
 213 PDF objects out of 1000 (max. 8388607)
 139 compressed objects within 2 object streams
 0 named destinations out of 1000 (max. 500000)
 36 words of extra memory for PDF output out of 10000 (max. 10000000)

